Synthesizing design: lab7_layout_design.sv
dc_shell-t -x "source -echo do_mapping.tcl"
                                        
                           Design Compiler Graphical 
                                 DC Ultra (TM)
                                  DFTMAX (TM)
                              Power Compiler (TM)
                                 DesignWare (R)
                                 DC Expert (TM)
                               Design Vision (TM)
                               HDL Compiler (TM)
                               VHDL Compiler (TM)
                                  DFT Compiler
                               Design Compiler(R)
                                        
               Version K-2015.06-SP1 for linux64 - Jul 21, 2015 
                                        
                    Copyright (c) 1988 - 2015 Synopsys, Inc.
   This software and the associated documentation are proprietary to Synopsys,
 Inc. This software may only be used in accordance with the terms and conditions
 of a written license agreement with Synopsys, Inc. All other use, reproduction,
            or distribution of this software is strictly prohibited.
Initializing...
# Step 1:  Read in the source file
analyze -format sverilog -lib WORK { lab7_layout_design.sv}
Running PRESTO HDLC
Compiling source file ./source/lab7_layout_design.sv
Presto compilation completed successfully.
Loading db file '/package/eda/cells/OSU/v2.7/synopsys/lib/ami05/osu05_stdcells.db'
Loading db file '/package/eda/synopsys/syn-K-2015.06-SP1/libraries/syn/dw_foundation.sldb'
elaborate lab7_layout_design -lib WORK
Loading db file '/package/eda/synopsys/syn-K-2015.06-SP1/libraries/syn/gtech.db'
Loading db file '/package/eda/synopsys/syn-K-2015.06-SP1/libraries/syn/standard.sldb'
  Loading link library 'osu05_stdcells'
  Loading link library 'gtech'
Running PRESTO HDLC
Presto compilation completed successfully.
Elaborated 1 design.
Current design is now 'lab7_layout_design'.
Information: Building the design 'lab7_usb_transmitter'. (HDL-193)
Presto compilation completed successfully.
Information: Building the design 'lab7_out_ctrl'. (HDL-193)

Statistics for case statements in always block at line 50 in file
	'/home/ecegrid/a/ece337/Course_Prod/IP_Libs/Lab_IP_Lib/Source/lab7_out_ctrl.vhd'
===============================================
|           Line           |  full/ parallel  |
===============================================
|            55            |    auto/auto     |
===============================================

Inferred memory devices in process
	in routine lab7_out_ctrl line 38 in file
		'/home/ecegrid/a/ece337/Course_Prod/IP_Libs/Lab_IP_Lib/Source/lab7_out_ctrl.vhd'.
===============================================================================
|    Register Name    |   Type    | Width | Bus | MB | AR | AS | SR | SS | ST |
===============================================================================
|   d_minus_reg_reg   | Flip-flop |   1   |  N  | N  | Y  | N  | N  | N  | N  |
|   d_plus_reg_reg    | Flip-flop |   1   |  N  | N  | N  | Y  | N  | N  | N  |
===============================================================================
Presto compilation completed successfully.
Information: Building the design 'lab7_encoder'. (HDL-193)

Inferred memory devices in process
	in routine lab7_encoder line 31 in file
		'/home/ecegrid/a/ece337/Course_Prod/IP_Libs/Lab_IP_Lib/Source/lab7_encoder.vhd'.
===============================================================================
|    Register Name    |   Type    | Width | Bus | MB | AR | AS | SR | SS | ST |
===============================================================================
|    last_bit_reg     | Flip-flop |   1   |  N  | N  | N  | Y  | N  | N  | N  |
===============================================================================
Presto compilation completed successfully.
Information: Building the design 'lab7_tx_sr'. (HDL-193)

Inferred memory devices in process
	in routine lab7_tx_sr line 33 in file
		'/home/ecegrid/a/ece337/Course_Prod/IP_Libs/Lab_IP_Lib/Source/lab7_tx_sr.vhd'.
===============================================================================
|    Register Name    |   Type    | Width | Bus | MB | AR | AS | SR | SS | ST |
===============================================================================
|    curr_val_reg     | Flip-flop |   8   |  Y  | N  | Y  | N  | N  | N  | N  |
===============================================================================
Presto compilation completed successfully.
Information: Building the design 'lab7_tx_fifo'. (HDL-193)
Presto compilation completed successfully.
Information: Building the design 'lab7_timer'. (HDL-193)
Warning:  /home/ecegrid/a/ece337/Course_Prod/IP_Libs/Lab_IP_Lib/Source/lab7_timer.vhd:80: DEFAULT branch of CASE statement cannot be reached. (ELAB-311)

Statistics for case statements in always block at line 48 in file
	'/home/ecegrid/a/ece337/Course_Prod/IP_Libs/Lab_IP_Lib/Source/lab7_timer.vhd'
===============================================
|           Line           |  full/ parallel  |
===============================================
|            52            |    auto/auto     |
===============================================

Statistics for case statements in always block at line 76 in file
	'/home/ecegrid/a/ece337/Course_Prod/IP_Libs/Lab_IP_Lib/Source/lab7_timer.vhd'
===============================================
|           Line           |  full/ parallel  |
===============================================
|            80            |    auto/auto     |
===============================================

Inferred memory devices in process
	in routine lab7_timer line 36 in file
		'/home/ecegrid/a/ece337/Course_Prod/IP_Libs/Lab_IP_Lib/Source/lab7_timer.vhd'.
===============================================================================
|    Register Name    |   Type    | Width | Bus | MB | AR | AS | SR | SS | ST |
===============================================================================
|     clk_cnt_reg     | Flip-flop |   3   |  Y  | N  | Y  | N  | N  | N  | N  |
|   curr_state_reg    | Flip-flop |   2   |  Y  | N  | Y  | N  | N  | N  | N  |
===============================================================================
Presto compilation completed successfully.
Information: Building the design 'lab7_tcu'. (HDL-193)

Statistics for case statements in always block at line 76 in file
	'/home/ecegrid/a/ece337/Course_Prod/IP_Libs/Lab_IP_Lib/Source/lab7_tcu.vhd'
===============================================
|           Line           |  full/ parallel  |
===============================================
|            80            |    auto/auto     |
===============================================

Statistics for case statements in always block at line 158 in file
	'/home/ecegrid/a/ece337/Course_Prod/IP_Libs/Lab_IP_Lib/Source/lab7_tcu.vhd'
===============================================
|           Line           |  full/ parallel  |
===============================================
|           173            |    auto/auto     |
===============================================

Inferred memory devices in process
	in routine lab7_tcu line 50 in file
		'/home/ecegrid/a/ece337/Course_Prod/IP_Libs/Lab_IP_Lib/Source/lab7_tcu.vhd'.
===============================================================================
|    Register Name    |   Type    | Width | Bus | MB | AR | AS | SR | SS | ST |
===============================================================================
|     bit_cnt_reg     | Flip-flop |   3   |  Y  | N  | Y  | N  | N  | N  | N  |
|   curr_state_reg    | Flip-flop |   4   |  Y  | N  | Y  | N  | N  | N  | N  |
===============================================================================
Presto compilation completed successfully.
Information: Building the design 'fifo'. (HDL-193)
Presto compilation completed successfully.
Information: Building the design 'fiforam'. (HDL-193)

Inferred memory devices in process
	in routine fiforam line 48 in file
		'/home/ecegrid/a/ece337/Course_Prod/IP_Libs/Lab_IP_Lib/Source/fiforam.vhd'.
===============================================================================
|    Register Name    |   Type    | Width | Bus | MB | AR | AS | SR | SS | ST |
===============================================================================
|     fiforeg_reg     | Flip-flop |  64   |  Y  | N  | N  | N  | N  | N  | N  |
===============================================================================
Statistics for MUX_OPs
===========================================================
| block name/line  | Inputs | Outputs | # sel inputs | MB |
===========================================================
|    fiforam/36    |   8    |    8    |      3       | N  |
|    fiforam/43    |   8    |    8    |      3       | N  |
===========================================================
Presto compilation completed successfully.
Information: Building the design 'write_fifo_ctrl'. (HDL-193)

Inferred memory devices in process
	in routine write_fifo_ctrl line 76 in file
		'/home/ecegrid/a/ece337/Course_Prod/IP_Libs/Lab_IP_Lib/Source/write_fifo_ctrl.vhd'.
===============================================================================
|    Register Name    |   Type    | Width | Bus | MB | AR | AS | SR | SS | ST |
===============================================================================
|    wrptr_r1_reg     | Flip-flop |   4   |  Y  | N  | Y  | N  | N  | N  | N  |
|    wrptr_r2_reg     | Flip-flop |   4   |  Y  | N  | Y  | N  | N  | N  | N  |
===============================================================================

Inferred memory devices in process
	in routine write_fifo_ctrl line 102 in file
		'/home/ecegrid/a/ece337/Course_Prod/IP_Libs/Lab_IP_Lib/Source/write_fifo_ctrl.vhd'.
===============================================================================
|    Register Name    |   Type    | Width | Bus | MB | AR | AS | SR | SS | ST |
===============================================================================
|   full_flag_r_reg   | Flip-flop |   1   |  N  | N  | Y  | N  | N  | N  | N  |
===============================================================================

Inferred memory devices in process
	in routine write_fifo_ctrl line 115 in file
		'/home/ecegrid/a/ece337/Course_Prod/IP_Libs/Lab_IP_Lib/Source/write_fifo_ctrl.vhd'.
===============================================================================
|    Register Name    |   Type    | Width | Bus | MB | AR | AS | SR | SS | ST |
===============================================================================
|      waddr_reg      | Flip-flop |   3   |  Y  | N  | Y  | N  | N  | N  | N  |
===============================================================================
Presto compilation completed successfully.
Information: Building the design 'read_fifo_ctrl'. (HDL-193)

Inferred memory devices in process
	in routine read_fifo_ctrl line 75 in file
		'/home/ecegrid/a/ece337/Course_Prod/IP_Libs/Lab_IP_Lib/Source/read_fifo_ctrl.vhd'.
===============================================================================
|    Register Name    |   Type    | Width | Bus | MB | AR | AS | SR | SS | ST |
===============================================================================
|    rwptr_r1_reg     | Flip-flop |   4   |  Y  | N  | Y  | N  | N  | N  | N  |
|    rwptr_r2_reg     | Flip-flop |   4   |  Y  | N  | Y  | N  | N  | N  | N  |
===============================================================================

Inferred memory devices in process
	in routine read_fifo_ctrl line 100 in file
		'/home/ecegrid/a/ece337/Course_Prod/IP_Libs/Lab_IP_Lib/Source/read_fifo_ctrl.vhd'.
===============================================================================
|    Register Name    |   Type    | Width | Bus | MB | AR | AS | SR | SS | ST |
===============================================================================
|  empty_flag_r_reg   | Flip-flop |   1   |  N  | N  | N  | Y  | N  | N  | N  |
===============================================================================

Inferred memory devices in process
	in routine read_fifo_ctrl line 114 in file
		'/home/ecegrid/a/ece337/Course_Prod/IP_Libs/Lab_IP_Lib/Source/read_fifo_ctrl.vhd'.
===============================================================================
|    Register Name    |   Type    | Width | Bus | MB | AR | AS | SR | SS | ST |
===============================================================================
|      raddr_reg      | Flip-flop |   3   |  Y  | N  | Y  | N  | N  | N  | N  |
===============================================================================
Presto compilation completed successfully.
Information: Building the design 'write_ptr'. (HDL-193)

Inferred memory devices in process
	in routine write_ptr line 79 in file
		'/home/ecegrid/a/ece337/Course_Prod/IP_Libs/Lab_IP_Lib/Source/write_ptr.vhd'.
===============================================================================
|    Register Name    |   Type    | Width | Bus | MB | AR | AS | SR | SS | ST |
===============================================================================
|    binary_r_reg     | Flip-flop |   4   |  Y  | N  | Y  | N  | N  | N  | N  |
===============================================================================

Inferred memory devices in process
	in routine write_ptr line 89 in file
		'/home/ecegrid/a/ece337/Course_Prod/IP_Libs/Lab_IP_Lib/Source/write_ptr.vhd'.
===============================================================================
|    Register Name    |   Type    | Width | Bus | MB | AR | AS | SR | SS | ST |
===============================================================================
|     gray_r_reg      | Flip-flop |   4   |  Y  | N  | Y  | N  | N  | N  | N  |
===============================================================================
Presto compilation completed successfully.
Information: Building the design 'read_ptr'. (HDL-193)

Inferred memory devices in process
	in routine read_ptr line 79 in file
		'/home/ecegrid/a/ece337/Course_Prod/IP_Libs/Lab_IP_Lib/Source/read_ptr.vhd'.
===============================================================================
|    Register Name    |   Type    | Width | Bus | MB | AR | AS | SR | SS | ST |
===============================================================================
|    binary_r_reg     | Flip-flop |   4   |  Y  | N  | Y  | N  | N  | N  | N  |
===============================================================================

Inferred memory devices in process
	in routine read_ptr line 89 in file
		'/home/ecegrid/a/ece337/Course_Prod/IP_Libs/Lab_IP_Lib/Source/read_ptr.vhd'.
===============================================================================
|    Register Name    |   Type    | Width | Bus | MB | AR | AS | SR | SS | ST |
===============================================================================
|     gray_r_reg      | Flip-flop |   4   |  Y  | N  | Y  | N  | N  | N  | N  |
===============================================================================
Presto compilation completed successfully.
uniquify
Information: Uniquified 2 instances of design 'lab7_tx_sr'. (OPT-1056)
# Step 2: Set design constraints
# Uncomment below to set timing, area, power, etc. constraints
# set_max_delay <delay> -from "<input>" -to "<output>"
# set_max_area <area>
# set_max_total_power <power> mW
create_clock "clk" -name "clk" -period 10.4
# Step 3: Compile the design
compile -map_effort medium
Information: Checking out the license 'DesignWare'. (SEC-104)
Information: Evaluating DesignWare library utilization. (UISN-27)

============================================================================
| DesignWare Building Block Library  |         Version         | Available |
============================================================================
| Basic DW Building Blocks           | K-2015.06-DWBB_201506.1 |     *     |
| Licensed DW Building Blocks        | K-2015.06-DWBB_201506.1 |     *     |
============================================================================


Information: There are 5 potential problems in your design. Please run 'check_design' for more information. (LINT-99)



  Beginning Pass 1 Mapping
  ------------------------
  Processing 'lab7_tcu'
Information: Added key list 'DesignWare' to design 'lab7_tcu'. (DDB-72)
  Processing 'lab7_timer'
Information: Added key list 'DesignWare' to design 'lab7_timer'. (DDB-72)
  Processing 'read_ptr'
  Processing 'read_fifo_ctrl'
Information: Added key list 'DesignWare' to design 'read_fifo_ctrl'. (DDB-72)
  Processing 'write_ptr'
  Processing 'write_fifo_ctrl'
Information: Added key list 'DesignWare' to design 'write_fifo_ctrl'. (DDB-72)
  Processing 'fiforam'
  Processing 'fifo'
  Processing 'lab7_tx_fifo'
  Processing 'lab7_tx_sr_0'
  Processing 'lab7_encoder'
  Processing 'lab7_out_ctrl'
  Processing 'lab7_usb_transmitter'
  Processing 'lab7_layout_design'

  Updating timing information
Information: Updating design information... (UID-85)

  Beginning Implementation Selection
  ----------------------------------

  Beginning Mapping Optimizations  (Medium effort)
  -------------------------------

                                  TOTAL                                      
   ELAPSED            WORST NEG   SETUP    DESIGN                            
    TIME      AREA      SLACK     COST    RULE COST         ENDPOINT         
  --------- --------- --------- --------- --------- -------------------------
    0:00:01  327861.0      0.00       0.0       0.0                          
    0:00:01  327861.0      0.00       0.0       0.0                          
    0:00:01  327861.0      0.00       0.0       0.0                          
    0:00:01  327861.0      0.00       0.0       0.0                          
    0:00:01  327861.0      0.00       0.0       0.0                          
    0:00:01  312597.0      0.00       0.0       0.0                          
    0:00:01  312597.0      0.00       0.0       0.0                          
    0:00:01  312597.0      0.00       0.0       0.0                          
    0:00:01  312597.0      0.00       0.0       0.0                          
    0:00:01  312597.0      0.00       0.0       0.0                          
    0:00:01  312597.0      0.00       0.0       0.0                          
    0:00:01  312597.0      0.00       0.0       0.0                          
    0:00:01  312597.0      0.00       0.0       0.0                          



  Beginning Delay Optimization Phase
  ----------------------------------

                                  TOTAL                                      
   ELAPSED            WORST NEG   SETUP    DESIGN                            
    TIME      AREA      SLACK     COST    RULE COST         ENDPOINT         
  --------- --------- --------- --------- --------- -------------------------
    0:00:01  312597.0      0.00       0.0       0.0                          
    0:00:01  312597.0      0.00       0.0       0.0                          
    0:00:01  312597.0      0.00       0.0       0.0                          


  Beginning Area-Recovery Phase  (cleanup)
  -----------------------------

                                  TOTAL                                      
   ELAPSED            WORST NEG   SETUP    DESIGN                            
    TIME      AREA      SLACK     COST    RULE COST         ENDPOINT         
  --------- --------- --------- --------- --------- -------------------------
    0:00:01  312597.0      0.00       0.0       0.0                          
    0:00:01  312597.0      0.00       0.0       0.0                          
    0:00:01  309285.0      0.00       0.0       0.0                          
    0:00:01  306693.0      0.00       0.0       0.0                          
    0:00:01  305973.0      0.00       0.0       0.0                          
    0:00:01  305181.0      0.00       0.0       0.0                          
    0:00:01  305181.0      0.00       0.0       0.0                          
    0:00:01  305181.0      0.00       0.0       0.0                          
    0:00:01  305181.0      0.00       0.0       0.0                          
    0:00:01  305181.0      0.00       0.0       0.0                          
    0:00:01  305181.0      0.00       0.0       0.0                          
    0:00:01  305181.0      0.00       0.0       0.0                          
    0:00:01  305181.0      0.00       0.0       0.0                          
    0:00:01  305181.0      0.00       0.0       0.0                          
    0:00:01  305181.0      0.00       0.0       0.0                          
Loading db file '/package/eda/cells/OSU/v2.7/synopsys/lib/ami05/osu05_stdcells.db'


Note: Symbol # after min delay cost means estimated hold TNS across all active scenarios 


  Optimization Complete
  ---------------------
# Step 4: Output reports
report_timing -path full -delay max -max_paths 1 -nworst 1 > reports/lab7_layout_design.rep
report_area >> reports/lab7_layout_design.rep
report_power -hier >> reports/lab7_layout_design.rep
# Step 5: Output final VHDL and Verilog files
write_file -format verilog -hierarchy -output "mapped/lab7_layout_design.v"
Writing verilog file '/home/ecegrid/a/mg134/ece337/Lab7/mapped/lab7_layout_design.v'.
Warning: Verilog 'assign' or 'tran' statements are written out. (VO-4)
echo "\nScript Done\n"

Script Done

echo "\nChecking Design\n"

Checking Design

check_design
 
****************************************
check_design summary:
Version:     K-2015.06-SP1
Date:        Thu Mar  9 15:19:25 2017
****************************************

                   Name                                            Total
--------------------------------------------------------------------------------
Inputs/Outputs                                                      1
    Shorted outputs (LINT-31)                                       1

Cells                                                               1
    Nets connected to multiple pins on same cell (LINT-33)          1
--------------------------------------------------------------------------------

Warning: In design 'lab7_tcu', output port 'tx_sel' is connected directly to output port 'tx_enable_1'. (LINT-31)
Warning: In design 'lab7_tx_fifo', the same net is connected to more than one pin on submodule 'IP_FIFO'. (LINT-33)
   Net 'clk' is connected to pins 'r_clk', 'w_clk''.
quit

Thank you...
Done


