Synthesizing design: sync_high.sv
dc_shell-t -x "source -echo do_mapping.tcl"
                                        
                           Design Compiler Graphical 
                                 DC Ultra (TM)
                                  DFTMAX (TM)
                              Power Compiler (TM)
                                 DesignWare (R)
                                 DC Expert (TM)
                               Design Vision (TM)
                               HDL Compiler (TM)
                               VHDL Compiler (TM)
                                  DFT Compiler
                               Design Compiler(R)
                                        
               Version K-2015.06-SP1 for linux64 - Jul 21, 2015 
                                        
                    Copyright (c) 1988 - 2015 Synopsys, Inc.
   This software and the associated documentation are proprietary to Synopsys,
 Inc. This software may only be used in accordance with the terms and conditions
 of a written license agreement with Synopsys, Inc. All other use, reproduction,
            or distribution of this software is strictly prohibited.
Initializing...
# Step 1:  Read in the source file
analyze -format sverilog -lib WORK { sync_high.sv}
Running PRESTO HDLC
Compiling source file ./source/sync_high.sv
Presto compilation completed successfully.
Loading db file '/package/eda/cells/OSU/v2.7/synopsys/lib/ami05/osu05_stdcells.db'
Loading db file '/package/eda/synopsys/syn-K-2015.06-SP1/libraries/syn/dw_foundation.sldb'
elaborate sync_high -lib WORK
Loading db file '/package/eda/synopsys/syn-K-2015.06-SP1/libraries/syn/gtech.db'
Loading db file '/package/eda/synopsys/syn-K-2015.06-SP1/libraries/syn/standard.sldb'
  Loading link library 'osu05_stdcells'
  Loading link library 'gtech'
Running PRESTO HDLC

Inferred memory devices in process
	in routine sync_high line 19 in file
		'./source/sync_high.sv'.
===============================================================================
|    Register Name    |   Type    | Width | Bus | MB | AR | AS | SR | SS | ST |
===============================================================================
|     mid_out_reg     | Flip-flop |   1   |  N  | N  | N  | Y  | N  | N  | N  |
===============================================================================

Inferred memory devices in process
	in routine sync_high line 32 in file
		'./source/sync_high.sv'.
===============================================================================
|    Register Name    |   Type    | Width | Bus | MB | AR | AS | SR | SS | ST |
===============================================================================
|    sync_out_reg     | Flip-flop |   1   |  N  | N  | N  | Y  | N  | N  | N  |
===============================================================================
Presto compilation completed successfully.
Elaborated 1 design.
Current design is now 'sync_high'.
uniquify
# Step 2: Set design constraints
# Uncomment below to set timing, area, power, etc. constraints
#set_max_delay 6.2 -from "b[0]" -to "sum[15]"
#set_max_area 17280
#set_max_total_power 11.366 mW
# Step 3: Compile the design
compile -map_effort medium
Information: Evaluating DesignWare library utilization. (UISN-27)

============================================================================
| DesignWare Building Block Library  |         Version         | Available |
============================================================================
| Basic DW Building Blocks           | K-2015.06-DWBB_201506.1 |     *     |
| Licensed DW Building Blocks        | K-2015.06-DWBB_201506.1 |           |
============================================================================



  Beginning Pass 1 Mapping
  ------------------------
  Processing 'sync_high'

  Updating timing information
Information: Updating design information... (UID-85)
Information: Design 'sync_high' has no optimization constraints set. (OPT-108)

  Beginning Mapping Optimizations  (Medium effort)
  -------------------------------

                                  TOTAL                                      
   ELAPSED            WORST NEG   SETUP    DESIGN                            
    TIME      AREA      SLACK     COST    RULE COST         ENDPOINT         
  --------- --------- --------- --------- --------- -------------------------
    0:00:00    3168.0      0.00       0.0       0.0                          
    0:00:00    3168.0      0.00       0.0       0.0                          
    0:00:00    3168.0      0.00       0.0       0.0                          
    0:00:00    3168.0      0.00       0.0       0.0                          
    0:00:00    3168.0      0.00       0.0       0.0                          
    0:00:00    3168.0      0.00       0.0       0.0                          
    0:00:00    3168.0      0.00       0.0       0.0                          
    0:00:00    3168.0      0.00       0.0       0.0                          
    0:00:00    3168.0      0.00       0.0       0.0                          
    0:00:00    3168.0      0.00       0.0       0.0                          
    0:00:00    3168.0      0.00       0.0       0.0                          
    0:00:00    3168.0      0.00       0.0       0.0                          



  Beginning Delay Optimization Phase
  ----------------------------------

                                  TOTAL                                      
   ELAPSED            WORST NEG   SETUP    DESIGN                            
    TIME      AREA      SLACK     COST    RULE COST         ENDPOINT         
  --------- --------- --------- --------- --------- -------------------------
    0:00:00    3168.0      0.00       0.0       0.0                          
    0:00:00    3168.0      0.00       0.0       0.0                          
    0:00:00    3168.0      0.00       0.0       0.0                          


  Beginning Area-Recovery Phase  (cleanup)
  -----------------------------

                                  TOTAL                                      
   ELAPSED            WORST NEG   SETUP    DESIGN                            
    TIME      AREA      SLACK     COST    RULE COST         ENDPOINT         
  --------- --------- --------- --------- --------- -------------------------
    0:00:00    3168.0      0.00       0.0       0.0                          
    0:00:00    3168.0      0.00       0.0       0.0                          
    0:00:00    3168.0      0.00       0.0       0.0                          
    0:00:00    3168.0      0.00       0.0       0.0                          
    0:00:00    3168.0      0.00       0.0       0.0                          
    0:00:00    3168.0      0.00       0.0       0.0                          
    0:00:00    3168.0      0.00       0.0       0.0                          
    0:00:00    3168.0      0.00       0.0       0.0                          
    0:00:00    3168.0      0.00       0.0       0.0                          
    0:00:00    3168.0      0.00       0.0       0.0                          
    0:00:00    3168.0      0.00       0.0       0.0                          
Loading db file '/package/eda/cells/OSU/v2.7/synopsys/lib/ami05/osu05_stdcells.db'


Note: Symbol # after min delay cost means estimated hold TNS across all active scenarios 


  Optimization Complete
  ---------------------
# Step 4: Output reports
report_timing -path full -delay max -max_paths 1 -nworst 1 > reports/sync_high.rep
report_area >> reports/sync_high.rep
report_power -hier >> reports/sync_high.rep
# Step 5: Output final VHDL and Verilog files
write_file -format verilog -hierarchy -output "mapped/sync_high.v"
Writing verilog file '/home/ecegrid/a/mg134/ece337/Lab2/mapped/sync_high.v'.
#second iteration begin
# Step 2: Set design constraints
# Uncomment below to set timing, area, power, etc. constraints
set_max_delay 4 -from "b[0]" -to "sum[15]"
Warning: Can't find object 'b[0]' in design 'sync_high'. (UID-95)
Error: Value for list '-from' must have 1 elements. (CMD-036)
Warning: Can't find object 'sum[15]' in design 'sync_high'. (UID-95)
Error: Value for list '-to' must have 1 elements. (CMD-036)
set_max_area 17280
set_max_total_power 11.366 mW
Information: Command 'set_max_total_power' is obsolete and is being ignored. (INFO-102)
# Step 3: Compile the design
set_structure true -design adder_16 -boolean true -boolean_effort medium
Error: Can't find design 'adder_16'. (UID-109)
Error: Value for list '-design' must have 1 elements. (CMD-036)
compile -map_effort high -boundary_optimization


  Beginning Pass 1 Mapping
  ------------------------
  Processing 'sync_high'

  Updating timing information
Information: Updating design information... (UID-85)

  Beginning Mapping Optimizations  (High effort)
  -------------------------------

                                  TOTAL                                      
   ELAPSED            WORST NEG   SETUP    DESIGN                            
    TIME      AREA      SLACK     COST    RULE COST         ENDPOINT         
  --------- --------- --------- --------- --------- -------------------------
    0:00:00    3168.0      0.00       0.0       0.0                          
    0:00:00    3168.0      0.00       0.0       0.0                          
    0:00:00    3168.0      0.00       0.0       0.0                          
    0:00:00    3168.0      0.00       0.0       0.0                          
    0:00:00    3168.0      0.00       0.0       0.0                          
    0:00:00    3168.0      0.00       0.0       0.0                          
    0:00:00    3168.0      0.00       0.0       0.0                          
    0:00:00    3168.0      0.00       0.0       0.0                          
    0:00:00    3168.0      0.00       0.0       0.0                          
    0:00:00    3168.0      0.00       0.0       0.0                          
    0:00:00    3168.0      0.00       0.0       0.0                          
    0:00:00    3168.0      0.00       0.0       0.0                          



  Beginning Delay Optimization Phase
  ----------------------------------

                                  TOTAL                                      
   ELAPSED            WORST NEG   SETUP    DESIGN                            
    TIME      AREA      SLACK     COST    RULE COST         ENDPOINT         
  --------- --------- --------- --------- --------- -------------------------
    0:00:00    3168.0      0.00       0.0       0.0                          
    0:00:00    3168.0      0.00       0.0       0.0                          
    0:00:00    3168.0      0.00       0.0       0.0                          


  Beginning Area-Recovery Phase  (max_area 17280)
  -----------------------------

                                  TOTAL                                      
   ELAPSED            WORST NEG   SETUP    DESIGN                            
    TIME      AREA      SLACK     COST    RULE COST         ENDPOINT         
  --------- --------- --------- --------- --------- -------------------------
    0:00:00    3168.0      0.00       0.0       0.0                          
    0:00:00    3168.0      0.00       0.0       0.0                          
    0:00:00    3168.0      0.00       0.0       0.0                          
    0:00:00    3168.0      0.00       0.0       0.0                          
    0:00:00    3168.0      0.00       0.0       0.0                          
    0:00:00    3168.0      0.00       0.0       0.0                          
    0:00:00    3168.0      0.00       0.0       0.0                          
    0:00:00    3168.0      0.00       0.0       0.0                          
    0:00:00    3168.0      0.00       0.0       0.0                          
    0:00:00    3168.0      0.00       0.0       0.0                          
    0:00:00    3168.0      0.00       0.0       0.0                          
Loading db file '/package/eda/cells/OSU/v2.7/synopsys/lib/ami05/osu05_stdcells.db'


Note: Symbol # after min delay cost means estimated hold TNS across all active scenarios 


  Optimization Complete
  ---------------------
# Step 4: Output reports
report_timing -path full -delay max -max_paths 1 -nworst 1 > reports/sync_high_1.rep
report_area >> reports/sync_high_1.rep
report_power -hier >> reports/sync_high_1.rep
# Step 5: Output final VHDL and Verilog files
write_file -format verilog -hierarchy -output "mapped/sync_high_1.v"
Writing verilog file '/home/ecegrid/a/mg134/ece337/Lab2/mapped/sync_high_1.v'.
#end of 2nd iteration
echo "\nScript Done\n"

Script Done

echo "\nChecking Design\n"

Checking Design

check_design
quit

Thank you...
Done


