Synthesizing design: i2c_slave.sv
dc_shell-t -x "source -echo do_mapping.tcl"
                                        
                           Design Compiler Graphical 
                                 DC Ultra (TM)
                                  DFTMAX (TM)
                              Power Compiler (TM)
                                 DesignWare (R)
                                 DC Expert (TM)
                               Design Vision (TM)
                               HDL Compiler (TM)
                               VHDL Compiler (TM)
                                  DFT Compiler
                               Design Compiler(R)
                                        
               Version K-2015.06-SP1 for linux64 - Jul 21, 2015 
                                        
                    Copyright (c) 1988 - 2015 Synopsys, Inc.
   This software and the associated documentation are proprietary to Synopsys,
 Inc. This software may only be used in accordance with the terms and conditions
 of a written license agreement with Synopsys, Inc. All other use, reproduction,
            or distribution of this software is strictly prohibited.
Initializing...
# Step 1:  Read in the source file
analyze -format sverilog -lib WORK {scl_edge.sv sda_sel.sv decode.sv tx_fifo.sv tx_sr.sv rx_sr.sv controller.sv timer.sv flex_counter.sv flex_stp_sr.sv flex_pts_sr.sv sync_low.sv i2c_slave.sv}
Running PRESTO HDLC
Compiling source file ./source/scl_edge.sv
Compiling source file ./source/sda_sel.sv
Compiling source file ./source/decode.sv
Compiling source file ./source/tx_fifo.sv
Compiling source file ./source/tx_sr.sv
Compiling source file ./source/rx_sr.sv
Compiling source file ./source/controller.sv
Compiling source file ./source/timer.sv
Compiling source file ./source/flex_counter.sv
Compiling source file ./source/flex_stp_sr.sv
Compiling source file ./source/flex_pts_sr.sv
Compiling source file ./source/sync_low.sv
Compiling source file ./source/i2c_slave.sv
Presto compilation completed successfully.
Loading db file '/package/eda/cells/OSU/v2.7/synopsys/lib/ami05/osu05_stdcells.db'
Loading db file '/package/eda/synopsys/syn-K-2015.06-SP1/libraries/syn/dw_foundation.sldb'
elaborate i2c_slave -lib WORK
Loading db file '/package/eda/synopsys/syn-K-2015.06-SP1/libraries/syn/gtech.db'
Loading db file '/package/eda/synopsys/syn-K-2015.06-SP1/libraries/syn/standard.sldb'
  Loading link library 'osu05_stdcells'
  Loading link library 'gtech'
Running PRESTO HDLC
Presto compilation completed successfully.
Elaborated 1 design.
Current design is now 'i2c_slave'.
Information: Building the design 'sync_low'. (HDL-193)

Inferred memory devices in process
	in routine sync_low line 19 in file
		'./source/sync_low.sv'.
===============================================================================
|    Register Name    |   Type    | Width | Bus | MB | AR | AS | SR | SS | ST |
===============================================================================
|     mid_out_reg     | Flip-flop |   1   |  N  | N  | Y  | N  | N  | N  | N  |
===============================================================================

Inferred memory devices in process
	in routine sync_low line 32 in file
		'./source/sync_low.sv'.
===============================================================================
|    Register Name    |   Type    | Width | Bus | MB | AR | AS | SR | SS | ST |
===============================================================================
|    sync_out_reg     | Flip-flop |   1   |  N  | N  | Y  | N  | N  | N  | N  |
===============================================================================
Presto compilation completed successfully.
Information: Building the design 'controller'. (HDL-193)

Statistics for case statements in always block at line 55 in file
	'./source/controller.sv'
===============================================
|           Line           |  full/ parallel  |
===============================================
|            62            |     no/auto      |
===============================================

Statistics for case statements in always block at line 84 in file
	'./source/controller.sv'
===============================================
|           Line           |  full/ parallel  |
===============================================
|            86            |     no/auto      |
===============================================

Inferred memory devices in process
	in routine controller line 46 in file
		'./source/controller.sv'.
===============================================================================
|    Register Name    |   Type    | Width | Bus | MB | AR | AS | SR | SS | ST |
===============================================================================
|   curr_state_reg    | Flip-flop |   4   |  Y  | N  | Y  | N  | N  | N  | N  |
===============================================================================
Presto compilation completed successfully.
Information: Building the design 'decode'. (HDL-193)

Inferred memory devices in process
	in routine decode line 23 in file
		'./source/decode.sv'.
===============================================================================
|    Register Name    |   Type    | Width | Bus | MB | AR | AS | SR | SS | ST |
===============================================================================
|    inter_scl_reg    | Flip-flop |   1   |  N  | N  | N  | Y  | N  | N  | N  |
|    final_scl_reg    | Flip-flop |   1   |  N  | N  | N  | Y  | N  | N  | N  |
===============================================================================

Inferred memory devices in process
	in routine decode line 34 in file
		'./source/decode.sv'.
===============================================================================
|    Register Name    |   Type    | Width | Bus | MB | AR | AS | SR | SS | ST |
===============================================================================
|    inter_sda_reg    | Flip-flop |   1   |  N  | N  | N  | Y  | N  | N  | N  |
|    final_sda_reg    | Flip-flop |   1   |  N  | N  | N  | Y  | N  | N  | N  |
===============================================================================
Presto compilation completed successfully.
Information: Building the design 'rx_sr'. (HDL-193)
Presto compilation completed successfully.
Information: Building the design 'tx_sr'. (HDL-193)
Presto compilation completed successfully.
Information: Building the design 'timer'. (HDL-193)

Statistics for case statements in always block at line 47 in file
	'./source/timer.sv'
===============================================
|           Line           |  full/ parallel  |
===============================================
|            53            |     no/auto      |
===============================================

Statistics for case statements in always block at line 68 in file
	'./source/timer.sv'
===============================================
|           Line           |  full/ parallel  |
===============================================
|            70            |     no/auto      |
===============================================

Inferred memory devices in process
	in routine timer line 40 in file
		'./source/timer.sv'.
===============================================================================
|    Register Name    |   Type    | Width | Bus | MB | AR | AS | SR | SS | ST |
===============================================================================
|   curr_state_reg    | Flip-flop |   3   |  Y  | N  | Y  | N  | N  | N  | N  |
===============================================================================
Presto compilation completed successfully.
Information: Building the design 'scl_edge'. (HDL-193)

Inferred memory devices in process
	in routine scl_edge line 19 in file
		'./source/scl_edge.sv'.
===============================================================================
|    Register Name    |   Type    | Width | Bus | MB | AR | AS | SR | SS | ST |
===============================================================================
|   second_bit_reg    | Flip-flop |   1   |  N  | N  | N  | Y  | N  | N  | N  |
===============================================================================

Inferred memory devices in process
	in routine scl_edge line 27 in file
		'./source/scl_edge.sv'.
===============================================================================
|    Register Name    |   Type    | Width | Bus | MB | AR | AS | SR | SS | ST |
===============================================================================
|    first_bit_reg    | Flip-flop |   1   |  N  | N  | N  | Y  | N  | N  | N  |
===============================================================================
Presto compilation completed successfully.
Information: Building the design 'sda_sel'. (HDL-193)
Presto compilation completed successfully.
Information: Building the design 'tx_fifo'. (HDL-193)
Presto compilation completed successfully.
Information: Building the design 'flex_stp_sr' instantiated from design 'rx_sr' with
	the parameters "8,1". (HDL-193)

Inferred memory devices in process
	in routine flex_stp_sr_NUM_BITS8_SHIFT_MSB1 line 43 in file
		'./source/flex_stp_sr.sv'.
===============================================================================
|    Register Name    |   Type    | Width | Bus | MB | AR | AS | SR | SS | ST |
===============================================================================
|  parallel_out_reg   | Flip-flop |   8   |  Y  | N  | N  | Y  | N  | N  | N  |
===============================================================================
Presto compilation completed successfully.
Information: Building the design 'flex_pts_sr' instantiated from design 'tx_sr' with
	the parameters "8,1". (HDL-193)
Warning:  ./source/flex_pts_sr.sv:46: Statement unreachable (Prior branch conditions are always met).  (VER-61)

Inferred memory devices in process
	in routine flex_pts_sr_NUM_BITS8_SHIFT_MSB1 line 52 in file
		'./source/flex_pts_sr.sv'.
===============================================================================
|    Register Name    |   Type    | Width | Bus | MB | AR | AS | SR | SS | ST |
===============================================================================
|   next_output_reg   | Flip-flop |   8   |  Y  | N  | N  | Y  | N  | N  | N  |
===============================================================================
Presto compilation completed successfully.
Information: Building the design 'flex_counter' instantiated from design 'timer' with
	the parameters "4". (HDL-193)

Inferred memory devices in process
	in routine flex_counter_NUM_CNT_BITS4 line 70 in file
		'./source/flex_counter.sv'.
===============================================================================
|    Register Name    |   Type    | Width | Bus | MB | AR | AS | SR | SS | ST |
===============================================================================
|    count_out_reg    | Flip-flop |   4   |  Y  | N  | Y  | N  | N  | N  | N  |
===============================================================================

Inferred memory devices in process
	in routine flex_counter_NUM_CNT_BITS4 line 80 in file
		'./source/flex_counter.sv'.
===============================================================================
|    Register Name    |   Type    | Width | Bus | MB | AR | AS | SR | SS | ST |
===============================================================================
|  rollover_flag_reg  | Flip-flop |   1   |  N  | N  | Y  | N  | N  | N  | N  |
===============================================================================
Presto compilation completed successfully.
Information: Building the design 'fifo'. (HDL-193)
Presto compilation completed successfully.
Information: Building the design 'fiforam'. (HDL-193)

Inferred memory devices in process
	in routine fiforam line 48 in file
		'/home/ecegrid/a/ece337/Course_Prod/IP_Libs/Lab_IP_Lib/Source/fiforam.vhd'.
===============================================================================
|    Register Name    |   Type    | Width | Bus | MB | AR | AS | SR | SS | ST |
===============================================================================
|     fiforeg_reg     | Flip-flop |  64   |  Y  | N  | N  | N  | N  | N  | N  |
===============================================================================
Statistics for MUX_OPs
===========================================================
| block name/line  | Inputs | Outputs | # sel inputs | MB |
===========================================================
|    fiforam/36    |   8    |    8    |      3       | N  |
|    fiforam/43    |   8    |    8    |      3       | N  |
===========================================================
Presto compilation completed successfully.
Information: Building the design 'write_fifo_ctrl'. (HDL-193)

Inferred memory devices in process
	in routine write_fifo_ctrl line 76 in file
		'/home/ecegrid/a/ece337/Course_Prod/IP_Libs/Lab_IP_Lib/Source/write_fifo_ctrl.vhd'.
===============================================================================
|    Register Name    |   Type    | Width | Bus | MB | AR | AS | SR | SS | ST |
===============================================================================
|    wrptr_r1_reg     | Flip-flop |   4   |  Y  | N  | Y  | N  | N  | N  | N  |
|    wrptr_r2_reg     | Flip-flop |   4   |  Y  | N  | Y  | N  | N  | N  | N  |
===============================================================================

Inferred memory devices in process
	in routine write_fifo_ctrl line 102 in file
		'/home/ecegrid/a/ece337/Course_Prod/IP_Libs/Lab_IP_Lib/Source/write_fifo_ctrl.vhd'.
===============================================================================
|    Register Name    |   Type    | Width | Bus | MB | AR | AS | SR | SS | ST |
===============================================================================
|   full_flag_r_reg   | Flip-flop |   1   |  N  | N  | Y  | N  | N  | N  | N  |
===============================================================================

Inferred memory devices in process
	in routine write_fifo_ctrl line 115 in file
		'/home/ecegrid/a/ece337/Course_Prod/IP_Libs/Lab_IP_Lib/Source/write_fifo_ctrl.vhd'.
===============================================================================
|    Register Name    |   Type    | Width | Bus | MB | AR | AS | SR | SS | ST |
===============================================================================
|      waddr_reg      | Flip-flop |   3   |  Y  | N  | Y  | N  | N  | N  | N  |
===============================================================================
Presto compilation completed successfully.
Information: Building the design 'read_fifo_ctrl'. (HDL-193)

Inferred memory devices in process
	in routine read_fifo_ctrl line 75 in file
		'/home/ecegrid/a/ece337/Course_Prod/IP_Libs/Lab_IP_Lib/Source/read_fifo_ctrl.vhd'.
===============================================================================
|    Register Name    |   Type    | Width | Bus | MB | AR | AS | SR | SS | ST |
===============================================================================
|    rwptr_r1_reg     | Flip-flop |   4   |  Y  | N  | Y  | N  | N  | N  | N  |
|    rwptr_r2_reg     | Flip-flop |   4   |  Y  | N  | Y  | N  | N  | N  | N  |
===============================================================================

Inferred memory devices in process
	in routine read_fifo_ctrl line 100 in file
		'/home/ecegrid/a/ece337/Course_Prod/IP_Libs/Lab_IP_Lib/Source/read_fifo_ctrl.vhd'.
===============================================================================
|    Register Name    |   Type    | Width | Bus | MB | AR | AS | SR | SS | ST |
===============================================================================
|  empty_flag_r_reg   | Flip-flop |   1   |  N  | N  | N  | Y  | N  | N  | N  |
===============================================================================

Inferred memory devices in process
	in routine read_fifo_ctrl line 114 in file
		'/home/ecegrid/a/ece337/Course_Prod/IP_Libs/Lab_IP_Lib/Source/read_fifo_ctrl.vhd'.
===============================================================================
|    Register Name    |   Type    | Width | Bus | MB | AR | AS | SR | SS | ST |
===============================================================================
|      raddr_reg      | Flip-flop |   3   |  Y  | N  | Y  | N  | N  | N  | N  |
===============================================================================
Presto compilation completed successfully.
Information: Building the design 'write_ptr'. (HDL-193)

Inferred memory devices in process
	in routine write_ptr line 79 in file
		'/home/ecegrid/a/ece337/Course_Prod/IP_Libs/Lab_IP_Lib/Source/write_ptr.vhd'.
===============================================================================
|    Register Name    |   Type    | Width | Bus | MB | AR | AS | SR | SS | ST |
===============================================================================
|    binary_r_reg     | Flip-flop |   4   |  Y  | N  | Y  | N  | N  | N  | N  |
===============================================================================

Inferred memory devices in process
	in routine write_ptr line 89 in file
		'/home/ecegrid/a/ece337/Course_Prod/IP_Libs/Lab_IP_Lib/Source/write_ptr.vhd'.
===============================================================================
|    Register Name    |   Type    | Width | Bus | MB | AR | AS | SR | SS | ST |
===============================================================================
|     gray_r_reg      | Flip-flop |   4   |  Y  | N  | Y  | N  | N  | N  | N  |
===============================================================================
Presto compilation completed successfully.
Information: Building the design 'read_ptr'. (HDL-193)

Inferred memory devices in process
	in routine read_ptr line 79 in file
		'/home/ecegrid/a/ece337/Course_Prod/IP_Libs/Lab_IP_Lib/Source/read_ptr.vhd'.
===============================================================================
|    Register Name    |   Type    | Width | Bus | MB | AR | AS | SR | SS | ST |
===============================================================================
|    binary_r_reg     | Flip-flop |   4   |  Y  | N  | Y  | N  | N  | N  | N  |
===============================================================================

Inferred memory devices in process
	in routine read_ptr line 89 in file
		'/home/ecegrid/a/ece337/Course_Prod/IP_Libs/Lab_IP_Lib/Source/read_ptr.vhd'.
===============================================================================
|    Register Name    |   Type    | Width | Bus | MB | AR | AS | SR | SS | ST |
===============================================================================
|     gray_r_reg      | Flip-flop |   4   |  Y  | N  | Y  | N  | N  | N  | N  |
===============================================================================
Presto compilation completed successfully.
uniquify
Information: Uniquified 2 instances of design 'sync_low'. (OPT-1056)
# Step 2: Set design constraints
# Uncomment below to set timing, area, power, etc. constraints
# set_max_delay <delay> -from "<input>" -to "<output>"
# set_max_area <area>
# set_max_total_power <power> mW
# Step 3: Compile the design
compile -map_effort medium
Information: Checking out the license 'DesignWare'. (SEC-104)
Information: Evaluating DesignWare library utilization. (UISN-27)

============================================================================
| DesignWare Building Block Library  |         Version         | Available |
============================================================================
| Basic DW Building Blocks           | K-2015.06-DWBB_201506.1 |     *     |
| Licensed DW Building Blocks        | K-2015.06-DWBB_201506.1 |     *     |
============================================================================


Information: There are 12 potential problems in your design. Please run 'check_design' for more information. (LINT-99)



  Beginning Pass 1 Mapping
  ------------------------
  Processing 'read_ptr'
  Processing 'read_fifo_ctrl'
  Processing 'write_ptr'
  Processing 'write_fifo_ctrl'
  Processing 'fiforam'
  Processing 'fifo'
  Processing 'tx_fifo'
  Processing 'sda_sel'
  Processing 'scl_edge'
  Processing 'flex_counter_NUM_CNT_BITS4'
  Processing 'timer'
  Processing 'flex_pts_sr_NUM_BITS8_SHIFT_MSB1'
  Processing 'tx_sr'
  Processing 'flex_stp_sr_NUM_BITS8_SHIFT_MSB1'
  Processing 'rx_sr'
  Processing 'decode'
  Processing 'controller'
  Processing 'sync_low_0'
  Processing 'i2c_slave'

  Updating timing information
Information: Updating design information... (UID-85)
Information: Design 'i2c_slave' has no optimization constraints set. (OPT-108)

  Beginning Implementation Selection
  ----------------------------------
  Mapping 'flex_counter_NUM_CNT_BITS4_DW_mult_uns_0'

  Beginning Mapping Optimizations  (Medium effort)
  -------------------------------
Information: Added key list 'DesignWare' to design 'flex_counter_NUM_CNT_BITS4'. (DDB-72)
  Structuring 'read_ptr'
  Mapping 'read_ptr'
  Structuring 'write_ptr'
  Mapping 'write_ptr'
  Structuring 'read_fifo_ctrl'
  Mapping 'read_fifo_ctrl'
  Structuring 'write_fifo_ctrl'
  Mapping 'write_fifo_ctrl'
  Structuring 'fiforam'
  Mapping 'fiforam'
  Structuring 'flex_counter_NUM_CNT_BITS4'
  Mapping 'flex_counter_NUM_CNT_BITS4'
  Structuring 'flex_pts_sr_NUM_BITS8_SHIFT_MSB1'
  Mapping 'flex_pts_sr_NUM_BITS8_SHIFT_MSB1'
  Structuring 'flex_stp_sr_NUM_BITS8_SHIFT_MSB1'
  Mapping 'flex_stp_sr_NUM_BITS8_SHIFT_MSB1'
  Structuring 'sda_sel'
  Mapping 'sda_sel'
  Structuring 'scl_edge'
  Mapping 'scl_edge'
  Structuring 'timer'
  Mapping 'timer'
  Structuring 'tx_sr'
  Mapping 'tx_sr'
  Structuring 'rx_sr'
  Mapping 'rx_sr'
  Structuring 'decode'
  Mapping 'decode'
  Structuring 'controller'
  Mapping 'controller'

                                  TOTAL                                      
   ELAPSED            WORST NEG   SETUP    DESIGN                            
    TIME      AREA      SLACK     COST    RULE COST         ENDPOINT         
  --------- --------- --------- --------- --------- -------------------------
    0:00:02  329904.0      0.00       0.0       1.1                          
    0:00:02  329904.0      0.00       0.0       1.1                          
    0:00:02  329904.0      0.00       0.0       1.1                          
    0:00:02  329904.0      0.00       0.0       1.1                          
    0:00:02  329904.0      0.00       0.0       1.1                          
    0:00:02  329904.0      0.00       0.0       1.1                          
    0:00:02  329904.0      0.00       0.0       1.1                          
    0:00:02  329904.0      0.00       0.0       1.1                          
    0:00:02  329904.0      0.00       0.0       1.1                          
    0:00:02  330768.0      0.00       0.0       0.7                          
    0:00:02  331416.0      0.00       0.0       0.3                          
    0:00:02  331632.0      0.00       0.0       0.1                          
    0:00:02  331848.0      0.00       0.0       0.0                          
    0:00:02  331848.0      0.00       0.0       0.0                          
    0:00:02  331848.0      0.00       0.0       0.0                          
    0:00:02  331848.0      0.00       0.0       0.0                          



  Beginning Delay Optimization Phase
  ----------------------------------

                                  TOTAL                                      
   ELAPSED            WORST NEG   SETUP    DESIGN                            
    TIME      AREA      SLACK     COST    RULE COST         ENDPOINT         
  --------- --------- --------- --------- --------- -------------------------
    0:00:02  331848.0      0.00       0.0       0.0                          
    0:00:02  331848.0      0.00       0.0       0.0                          
    0:00:02  331848.0      0.00       0.0       0.0                          


  Beginning Area-Recovery Phase  (cleanup)
  -----------------------------

                                  TOTAL                                      
   ELAPSED            WORST NEG   SETUP    DESIGN                            
    TIME      AREA      SLACK     COST    RULE COST         ENDPOINT         
  --------- --------- --------- --------- --------- -------------------------
    0:00:02  331848.0      0.00       0.0       0.0                          
    0:00:02  331848.0      0.00       0.0       0.0                          
    0:00:02  331416.0      0.00       0.0       0.0                          
    0:00:02  331416.0      0.00       0.0       0.0                          
    0:00:02  331416.0      0.00       0.0       0.0                          
    0:00:02  331416.0      0.00       0.0       0.0                          
    0:00:02  331416.0      0.00       0.0       0.0                          
    0:00:02  331416.0      0.00       0.0       0.0                          
    0:00:02  331416.0      0.00       0.0       0.0                          
    0:00:02  331416.0      0.00       0.0       0.0                          
    0:00:02  331416.0      0.00       0.0       0.0                          
    0:00:02  331416.0      0.00       0.0       0.0                          
Loading db file '/package/eda/cells/OSU/v2.7/synopsys/lib/ami05/osu05_stdcells.db'


Note: Symbol # after min delay cost means estimated hold TNS across all active scenarios 


  Optimization Complete
  ---------------------
# Step 4: Output reports
report_timing -path full -delay max -max_paths 1 -nworst 1 > reports/i2c_slave.rep
report_area >> reports/i2c_slave.rep
report_power -hier >> reports/i2c_slave.rep
# Step 5: Output final VHDL and Verilog files
write_file -format verilog -hierarchy -output "mapped/i2c_slave.v"
Writing verilog file '/home/ecegrid/a/mg134/ece337/Lab6/mapped/i2c_slave.v'.
Warning: Verilog 'assign' or 'tran' statements are written out. (VO-4)
echo "\nScript Done\n"

Script Done

echo "\nChecking Design\n"

Checking Design

check_design
 
****************************************
check_design summary:
Version:     K-2015.06-SP1
Date:        Thu Apr 27 06:24:21 2017
****************************************

                   Name                                            Total
--------------------------------------------------------------------------------
Inputs/Outputs                                                      2
    Unconnected ports (LINT-28)                                     1
    Feedthrough (LINT-29)                                           1

Cells                                                               7
    Connected to power or ground (LINT-32)                          4
    Nets connected to multiple pins on same cell (LINT-33)          3
--------------------------------------------------------------------------------

Warning: In design 'controller', port 'stop_found' is not connected to any nets. (LINT-28)
Warning: In design 'decode', input port 'starting_byte[0]' is connected directly to output port 'rw_mode'. (LINT-29)
Warning: In design 'timer', a pin on submodule 'IN1' is connected to logic 1 or logic 0. (LINT-32)
   Pin 'rollover_val[3]' is connected to logic 1. 
Warning: In design 'timer', a pin on submodule 'IN1' is connected to logic 1 or logic 0. (LINT-32)
   Pin 'rollover_val[2]' is connected to logic 0. 
Warning: In design 'timer', a pin on submodule 'IN1' is connected to logic 1 or logic 0. (LINT-32)
   Pin 'rollover_val[1]' is connected to logic 0. 
Warning: In design 'timer', a pin on submodule 'IN1' is connected to logic 1 or logic 0. (LINT-32)
   Pin 'rollover_val[0]' is connected to logic 1. 
Warning: In design 'timer', the same net is connected to more than one pin on submodule 'IN1'. (LINT-33)
   Net '*Logic1*' is connected to pins 'rollover_val[3]', 'rollover_val[0]''.
Warning: In design 'timer', the same net is connected to more than one pin on submodule 'IN1'. (LINT-33)
   Net '*Logic0*' is connected to pins 'rollover_val[2]', 'rollover_val[1]''.
Warning: In design 'tx_fifo', the same net is connected to more than one pin on submodule 'F1'. (LINT-33)
   Net 'clk' is connected to pins 'r_clk', 'w_clk''.
quit

Thank you...
Done


